[35m[1mScanning dependencies of target EKFSlam[0m
[35m[1mScanning dependencies of target TransformLaserScan[0m
[35m[1mScanning dependencies of target LandmarkProcessor[0m
[ 16%] [32mBuilding CXX object CMakeFiles/EKFSlam.dir/src/EKFslam.cpp.o[0m
[ 33%] [32mBuilding CXX object CMakeFiles/TransformLaserScan.dir/src/transformLaserScan.cpp.o[0m
[ 50%] [32mBuilding CXX object CMakeFiles/LandmarkProcessor.dir/src/landmarkProcessing.cpp.o[0m
[01m[K/home/max/master_thesis_ros/catkin_ws/src/master_thesis_kremmel/src/EKFslam.cpp:[m[K In member function â€˜[01m[Kvoid EKFSlam::predict(geometry_msgs::PoseStamped)[m[Kâ€™:
[01m[K/home/max/master_thesis_ros/catkin_ws/src/master_thesis_kremmel/src/EKFslam.cpp:21:21:[m[K [01;31m[Kerror: [m[Kexpected â€˜[01m[K;[m[Kâ€™ before â€˜[01m[KMatrixXd[m[Kâ€™
   21 |         state_vector
      |                     [01;31m[K^[m[K
      |                     [32m[K;[m[K
   22 |         // Example usage of eigen library
   23 |         [32m[KMatrixXd[m[K m = MatrixXd::Random(3, 3);
      |         [32m[K~~~~~~~~[m[K     
[01m[K/home/max/master_thesis_ros/catkin_ws/src/master_thesis_kremmel/src/EKFslam.cpp:24:9:[m[K [01;31m[Kerror: [m[Kâ€˜[01m[Km[m[Kâ€™ was not declared in this scope; did you mean â€˜[01m[Ktm[m[Kâ€™?
   24 |         [01;31m[Km[m[K = (m + MatrixXd::Constant(3, 3, 1.2)) * 50;
      |         [01;31m[K^[m[K
      |         [32m[Ktm[m[K
make[2]: *** [CMakeFiles/EKFSlam.dir/build.make:63: CMakeFiles/EKFSlam.dir/src/EKFslam.cpp.o] Error 1
make[1]: *** [CMakeFiles/Makefile2:222: CMakeFiles/EKFSlam.dir/all] Error 2
make[1]: *** Waiting for unfinished jobs....
[ 66%] [32m[1mLinking CXX executable /home/max/master_thesis_ros/catkin_ws/devel/.private/master_thesis_kremmel/lib/master_thesis_kremmel/TransformLaserScan[0m
[ 83%] [32m[1mLinking CXX executable /home/max/master_thesis_ros/catkin_ws/devel/.private/master_thesis_kremmel/lib/master_thesis_kremmel/LandmarkProcessor[0m
[ 83%] Built target TransformLaserScan
[ 83%] Built target LandmarkProcessor
make: *** [Makefile:141: all] Error 2
